# JRE version: OpenJDK Runtime Environment (8.0_322) (build 1.8.0_322-ga)
# Java VM: OpenJDK 64-Bit Server VM (25.322-bga mixed mode linux-amd64 compressed oops)
Heap:
 def new generation   total 13312K, used 5665K [0x00000000f8000000, 0x00000000f8e70000, 0x00000000faaa0000)
  eden space 11840K,  35% used [0x00000000f8000000, 0x00000000f8418408, 0x00000000f8b90000)
  from space 1472K, 100% used [0x00000000f8d00000, 0x00000000f8e70000, 0x00000000f8e70000)
  to   space 1472K,   0% used [0x00000000f8b90000, 0x00000000f8b90000, 0x00000000f8d00000)
 tenured generation   total 29460K, used 18865K [0x00000000faaa0000, 0x00000000fc765000, 0x0000000100000000)
   the space 29460K,  64% used [0x00000000faaa0000, 0x00000000fbd0c648, 0x00000000fbd0c800, 0x00000000fc765000)
 Metaspace       used 33304K, capacity 34550K, committed 34688K, reserved 1079296K
  class space    used 4226K, capacity 4451K, committed 4480K, reserved 1048576K
GC Heap History (10 events):
Event: 5.416 GC heap before
{Heap before GC invocations=16 (full 1):
 def new generation   total 5376K, used 5376K [0x00000000f8000000, 0x00000000f85d0000, 0x00000000faaa0000)
  eden space 4800K, 100% used [0x00000000f8000000, 0x00000000f84b0000, 0x00000000f84b0000)
  from space 576K, 100% used [0x00000000f84b0000, 0x00000000f8540000, 0x00000000f8540000)
  to   space 576K,   0% used [0x00000000f8540000, 0x00000000f8540000, 0x00000000f85d0000)
 tenured generation   total 11808K, used 10750K [0x00000000faaa0000, 0x00000000fb628000, 0x0000000100000000)
   the space 11808K,  91% used [0x00000000faaa0000, 0x00000000fb51f8a8, 0x00000000fb51fa00, 0x00000000fb628000)
 Metaspace       used 26682K, capacity 27216K, committed 27392K, reserved 1073152K
  class space    used 3327K, capacity 3496K, committed 3584K, reserved 1048576K
Event: 5.419 GC heap after
Heap after GC invocations=17 (full 1):
 def new generation   total 5376K, used 575K [0x00000000f8000000, 0x00000000f85d0000, 0x00000000faaa0000)
  eden space 4800K,   0% used [0x00000000f8000000, 0x00000000f8000000, 0x00000000f84b0000)
  from space 576K,  99% used [0x00000000f8540000, 0x00000000f85cfff8, 0x00000000f85d0000)
  to   space 576K,   0% used [0x00000000f84b0000, 0x00000000f84b0000, 0x00000000f8540000)
 tenured generation   total 11808K, used 11730K [0x00000000faaa0000, 0x00000000fb628000, 0x0000000100000000)
   the space 11808K,  99% used [0x00000000faaa0000, 0x00000000fb614b78, 0x00000000fb614c00, 0x00000000fb628000)
 Metaspace       used 26682K, capacity 27216K, committed 27392K, reserved 1073152K
  class space    used 3327K, capacity 3496K, committed 3584K, reserved 1048576K
}
Event: 5.497 GC heap before
{Heap before GC invocations=17 (full 1):
 def new generation   total 5376K, used 3685K [0x00000000f8000000, 0x00000000f85d0000, 0x00000000faaa0000)
  eden space 4800K,  64% used [0x00000000f8000000, 0x00000000f83095e8, 0x00000000f84b0000)
  from space 576K,  99% used [0x00000000f8540000, 0x00000000f85cfff8, 0x00000000f85d0000)
  to   space 576K,   0% used [0x00000000f84b0000, 0x00000000f84b0000, 0x00000000f8540000)
 tenured generation   total 11808K, used 11730K [0x00000000faaa0000, 0x00000000fb628000, 0x0000000100000000)
   the space 11808K,  99% used [0x00000000faaa0000, 0x00000000fb614b78, 0x00000000fb614c00, 0x00000000fb628000)
 Metaspace       used 27675K, capacity 28208K, committed 28544K, reserved 1075200K
  class space    used 3468K, capacity 3656K, committed 3712K, reserved 1048576K
Event: 5.569 GC heap after
Heap after GC invocations=18 (full 2):
 def new generation   total 6912K, used 0K [0x00000000f8000000, 0x00000000f8780000, 0x00000000faaa0000)
  eden space 6144K,   0% used [0x00000000f8000000, 0x00000000f8000000, 0x00000000f8600000)
  from space 768K,   0% used [0x00000000f8600000, 0x00000000f8600000, 0x00000000f86c0000)
  to   space 768K,   0% used [0x00000000f86c0000, 0x00000000f86c0000, 0x00000000f8780000)
 tenured generation   total 15208K, used 9123K [0x00000000faaa0000, 0x00000000fb97a000, 0x0000000100000000)
   the space 15208K,  59% used [0x00000000faaa0000, 0x00000000fb388eb8, 0x00000000fb389000, 0x00000000fb97a000)
 Metaspace       used 27675K, capacity 28208K, committed 28544K, reserved 1075200K
  class space    used 3468K, capacity 3656K, committed 3712K, reserved 1048576K
}
Event: 5.842 GC heap before
{Heap before GC invocations=18 (full 2):
 def new generation   total 6912K, used 6144K [0x00000000f8000000, 0x00000000f8780000, 0x00000000faaa0000)
  eden space 6144K, 100% used [0x00000000f8000000, 0x00000000f8600000, 0x00000000f8600000)
  from space 768K,   0% used [0x00000000f8600000, 0x00000000f8600000, 0x00000000f86c0000)
  to   space 768K,   0% used [0x00000000f86c0000, 0x00000000f86c0000, 0x00000000f8780000)
 tenured generation   total 15208K, used 9123K [0x00000000faaa0000, 0x00000000fb97a000, 0x0000000100000000)
   the space 15208K,  59% used [0x00000000faaa0000, 0x00000000fb388eb8, 0x00000000fb389000, 0x00000000fb97a000)
 Metaspace       used 28827K, capacity 29272K, committed 29440K, reserved 1075200K
  class space    used 3646K, capacity 3818K, committed 3840K, reserved 1048576K
Event: 5.846 GC heap after
Heap after GC invocations=19 (full 2):
 def new generation   total 6912K, used 567K [0x00000000f8000000, 0x00000000f8780000, 0x00000000faaa0000)
  eden space 6144K,   0% used [0x00000000f8000000, 0x00000000f8000000, 0x00000000f8600000)
  from space 768K,  73% used [0x00000000f86c0000, 0x00000000f874de88, 0x00000000f8780000)
  to   space 768K,   0% used [0x00000000f8600000, 0x00000000f8600000, 0x00000000f86c0000)
 tenured generation   total 15208K, used 13219K [0x00000000faaa0000, 0x00000000fb97a000, 0x0000000100000000)
   the space 15208K,  86% used [0x00000000faaa0000, 0x00000000fb788ec8, 0x00000000fb789000, 0x00000000fb97a000)
 Metaspace       used 28827K, capacity 29272K, committed 29440K, reserved 1075200K
  class space    used 3646K, capacity 3818K, committed 3840K, reserved 1048576K
}
Event: 6.260 GC heap before
{Heap before GC invocations=19 (full 2):
 def new generation   total 6912K, used 6711K [0x00000000f8000000, 0x00000000f8780000, 0x00000000faaa0000)
  eden space 6144K, 100% used [0x00000000f8000000, 0x00000000f8600000, 0x00000000f8600000)
  from space 768K,  73% used [0x00000000f86c0000, 0x00000000f874de88, 0x00000000f8780000)
  to   space 768K,   0% used [0x00000000f8600000, 0x00000000f8600000, 0x00000000f86c0000)
 tenured generation   total 15208K, used 13219K [0x00000000faaa0000, 0x00000000fb97a000, 0x0000000100000000)
   the space 15208K,  86% used [0x00000000faaa0000, 0x00000000fb788ec8, 0x00000000fb789000, 0x00000000fb97a000)
 Metaspace       used 29835K, capacity 30344K, committed 30592K, reserved 1075200K
  class space    used 3772K, capacity 3918K, committed 3968K, reserved 1048576K
Event: 6.290 GC heap after
Heap after GC invocations=20 (full 3):
 def new generation   total 13312K, used 0K [0x00000000f8000000, 0x00000000f8e70000, 0x00000000faaa0000)
  eden space 11840K,   0% used [0x00000000f8000000, 0x00000000f8000000, 0x00000000f8b90000)
  from space 1472K,   0% used [0x00000000f8b90000, 0x00000000f8b90000, 0x00000000f8d00000)
  to   space 1472K,   0% used [0x00000000f8d00000, 0x00000000f8d00000, 0x00000000f8e70000)
 tenured generation   total 29460K, used 17674K [0x00000000faaa0000, 0x00000000fc765000, 0x0000000100000000)
   the space 29460K,  59% used [0x00000000faaa0000, 0x00000000fbbe28a0, 0x00000000fbbe2a00, 0x00000000fc765000)
 Metaspace       used 29835K, capacity 30344K, committed 30592K, reserved 1075200K
  class space    used 3772K, capacity 3918K, committed 3968K, reserved 1048576K
}
Event: 8.033 GC heap before
{Heap before GC invocations=20 (full 3):
 def new generation   total 13312K, used 11840K [0x00000000f8000000, 0x00000000f8e70000, 0x00000000faaa0000)
  eden space 11840K, 100% used [0x00000000f8000000, 0x00000000f8b90000, 0x00000000f8b90000)
  from space 1472K,   0% used [0x00000000f8b90000, 0x00000000f8b90000, 0x00000000f8d00000)
  to   space 1472K,   0% used [0x00000000f8d00000, 0x00000000f8d00000, 0x00000000f8e70000)
 tenured generation   total 29460K, used 17674K [0x00000000faaa0000, 0x00000000fc765000, 0x0000000100000000)
   the space 29460K,  59% used [0x00000000faaa0000, 0x00000000fbbe28a0, 0x00000000fbbe2a00, 0x00000000fc765000)
 Metaspace       used 32800K, capacity 33536K, committed 33792K, reserved 1079296K
  class space    used 4135K, capacity 4316K, committed 4352K, reserved 1048576K
Event: 8.040 GC heap after
Heap after GC invocations=21 (full 3):
 def new generation   total 13312K, used 1472K [0x00000000f8000000, 0x00000000f8e70000, 0x00000000faaa0000)
  eden space 11840K,   0% used [0x00000000f8000000, 0x00000000f8000000, 0x00000000f8b90000)
  from space 1472K, 100% used [0x00000000f8d00000, 0x00000000f8e70000, 0x00000000f8e70000)
  to   space 1472K,   0% used [0x00000000f8b90000, 0x00000000f8b90000, 0x00000000f8d00000)
 tenured generation   total 29460K, used 18865K [0x00000000faaa0000, 0x00000000fc765000, 0x0000000100000000)
   the space 29460K,  64% used [0x00000000faaa0000, 0x00000000fbd0c648, 0x00000000fbd0c800, 0x00000000fc765000)
 Metaspace       used 32800K, capacity 33536K, committed 33792K, reserved 1079296K
  class space    used 4135K, capacity 4316K, committed 4352K, reserved 1048576K
}

